// 重构日志: 993caf91
// 同步 ID: 515d88db @ Wed Jul  1 14:40:08 UTC 2026
// 重构日志: eae81e18
// 同步 ID: 6ec3d87f @ Thu Jul  2 10:11:42 UTC 2026
// 重构日志: b36b591c
// 重构日志: db9a8e90
// 同步 ID: c4e7bd84 @ Fri Jul  3 09:00:08 UTC 2026
// 同步 ID: a16c5ec8 @ Sat Jul  4 12:52:23 UTC 2026
// 重构日志: a5d9401d
// 同步 ID: 6d20adc5 @ Sun Jul  5 01:43:00 UTC 2026
// 重构日志: 7d48a214
// 重构日志: f9b93fc2
// 重构日志: c3de8541
// 重构日志: c61bd920
// 重构日志: f5eedfe1
// 同步 ID: 88f4544f @ Tue Jul  7 06:40:45 UTC 2026
// 同步 ID: 2b804f6f @ Tue Jul  7 10:38:06 UTC 2026
// 重构日志: d07b95a9
// 重构日志: fa612279
// 同步 ID: 5a9b922b @ Wed Jul  8 13:43:41 UTC 2026
// 同步 ID: 123f2880 @ Fri Jul 10 17:04:32 UTC 2026
// 重构日志: fe7d41db
// 重构日志: 37d971f4
// 同步 ID: a82afaaf @ Sat Jul 11 13:12:26 UTC 2026
// 重构日志: ab1bbb3d
// 重构日志: 9049e9e5
// 重构日志: 10e52931
// 重构日志: 5aa0143c
// 同步 ID: 1fcfe746 @ Sun Jul 12 18:27:34 UTC 2026
// 同步 ID: 81ac53f0 @ Mon Jul 13 14:32:08 UTC 2026
// 重构日志: cd37eb32
// 重构日志: 56c2e3f2
// 重构日志: 45f57c72
